<?xml version="1.0" ?>
<coverage branch-rate="0.8611" branches-covered="186" branches-valid="216" complexity="0" line-rate="0.9675" lines-covered="894" lines-valid="924" timestamp="1624970922397" version="5.3.1">
	<!-- Generated by coverage.py: https://coverage.readthedocs.io -->
	<!-- Based on https://raw.githubusercontent.com/cobertura/web/master/htdocs/xml/coverage-04.dtd -->
	<sources>
		<source>/app</source>
	</sources>
	<packages>
		<package branch-rate="0.8611" complexity="0" line-rate="0.9675" name="src.ska_sdp_lmc">
			<classes>
				<class branch-rate="1" complexity="0" filename="src/ska_sdp_lmc/attributes.py" line-rate="1" name="attributes.py">
					<methods/>
					<lines>
						<line hits="1" number="3"/>
						<line branch="true" condition-coverage="100% (2/2)" hits="1" number="6"/>
						<line hits="1" number="7"/>
						<line hits="1" number="10"/>
						<line hits="1" number="11"/>
						<line hits="1" number="12"/>
						<line hits="1" number="13"/>
						<line hits="1" number="14"/>
						<line branch="true" condition-coverage="100% (2/2)" hits="1" number="17"/>
						<line hits="1" number="18"/>
						<line hits="1" number="21"/>
						<line hits="1" number="22"/>
						<line hits="1" number="23"/>
						<line hits="1" number="24"/>
						<line branch="true" condition-coverage="100% (2/2)" hits="1" number="27"/>
						<line hits="1" number="28"/>
						<line hits="1" number="31"/>
						<line hits="1" number="32"/>
						<line hits="1" number="33"/>
						<line hits="1" number="34"/>
						<line hits="1" number="35"/>
						<line hits="1" number="36"/>
						<line hits="1" number="37"/>
						<line hits="1" number="38"/>
						<line hits="1" number="39"/>
						<line hits="1" number="40"/>
						<line hits="1" number="41"/>
					</lines>
				</class>
				<class branch-rate="0.5625" complexity="0" filename="src/ska_sdp_lmc/base.py" line-rate="0.8361" name="base.py">
					<methods/>
					<lines>
						<line hits="1" number="3"/>
						<line hits="1" number="4"/>
						<line hits="1" number="5"/>
						<line hits="1" number="7"/>
						<line hits="1" number="8"/>
						<line hits="1" number="10"/>
						<line hits="1" number="11"/>
						<line hits="1" number="12"/>
						<line hits="1" number="13"/>
						<line hits="1" number="15"/>
						<line hits="1" number="16"/>
						<line hits="1" number="19"/>
						<line hits="1" number="28"/>
						<line hits="1" number="39"/>
						<line hits="1" number="41"/>
						<line hits="1" number="44"/>
						<line hits="1" number="47"/>
						<line hits="1" number="49"/>
						<line hits="1" number="51"/>
						<line hits="1" number="55"/>
						<line hits="1" number="62"/>
						<line hits="0" number="64"/>
						<line hits="1" number="70"/>
						<line branch="true" condition-coverage="100% (2/2)" hits="1" number="72"/>
						<line hits="1" number="73"/>
						<line hits="1" number="74"/>
						<line hits="1" number="75"/>
						<line hits="1" number="77"/>
						<line hits="1" number="80"/>
						<line hits="1" number="86"/>
						<line branch="true" condition-coverage="50% (1/2)" hits="1" missing-branches="91" number="89"/>
						<line branch="true" condition-coverage="0% (0/2)" hits="0" missing-branches="92,95" number="91"/>
						<line hits="0" number="92"/>
						<line hits="0" number="93"/>
						<line hits="0" number="95"/>
						<line hits="0" number="98"/>
						<line hits="1" number="101"/>
						<line hits="1" number="102"/>
						<line hits="1" number="103"/>
						<line hits="1" number="105"/>
						<line hits="1" number="107"/>
						<line hits="0" number="109"/>
						<line hits="0" number="111"/>
						<line branch="true" condition-coverage="0% (0/2)" hits="0" missing-branches="exit,113" number="112"/>
						<line branch="true" condition-coverage="0% (0/2)" hits="0" missing-branches="112,114" number="113"/>
						<line hits="1" number="114"/>
						<line hits="1" number="116"/>
						<line hits="1" number="118"/>
						<line branch="true" condition-coverage="100% (2/2)" hits="1" number="119"/>
						<line hits="1" number="120"/>
						<line hits="1" number="122"/>
						<line hits="1" number="137"/>
						<line branch="true" condition-coverage="100% (2/2)" hits="1" number="150"/>
						<line branch="true" condition-coverage="100% (2/2)" hits="1" number="151"/>
						<line hits="1" number="154"/>
						<line hits="1" number="156"/>
						<line hits="1" number="157"/>
						<line hits="1" number="161"/>
						<line hits="1" number="162"/>
						<line hits="1" number="164"/>
						<line hits="1" number="171"/>
					</lines>
				</class>
				<class branch-rate="1" complexity="0" filename="src/ska_sdp_lmc/base_config.py" line-rate="0.9412" name="base_config.py">
					<methods/>
					<lines>
						<line hits="1" number="3"/>
						<line hits="1" number="5"/>
						<line hits="1" number="6"/>
						<line hits="1" number="8"/>
						<line hits="1" number="9"/>
						<line hits="1" number="12"/>
						<line hits="1" number="14"/>
						<line hits="1" number="15"/>
						<line hits="1" number="16"/>
						<line hits="1" number="17"/>
						<line hits="1" number="20"/>
						<line hits="1" number="25"/>
						<line hits="1" number="26"/>
						<line hits="1" number="28"/>
						<line hits="1" number="35"/>
						<line hits="1" number="37"/>
						<line hits="0" number="44"/>
					</lines>
				</class>
				<class branch-rate="0.8333" complexity="0" filename="src/ska_sdp_lmc/commands.py" line-rate="0.9355" name="commands.py">
					<methods/>
					<lines>
						<line hits="1" number="3"/>
						<line hits="1" number="4"/>
						<line hits="1" number="5"/>
						<line hits="1" number="6"/>
						<line hits="1" number="8"/>
						<line hits="1" number="9"/>
						<line hits="1" number="11"/>
						<line hits="1" number="12"/>
						<line hits="1" number="14"/>
						<line hits="1" number="15"/>
						<line hits="1" number="18"/>
						<line hits="1" number="31"/>
						<line hits="1" number="35"/>
						<line hits="1" number="36"/>
						<line hits="1" number="37"/>
						<line hits="1" number="38"/>
						<line hits="1" number="39"/>
						<line hits="1" number="40"/>
						<line branch="true" condition-coverage="100% (2/2)" hits="1" number="41"/>
						<line hits="1" number="42"/>
						<line hits="1" number="44"/>
						<line hits="1" number="45"/>
						<line branch="true" condition-coverage="100% (2/2)" hits="1" number="49"/>
						<line hits="1" number="52"/>
						<line hits="1" number="53"/>
						<line branch="true" condition-coverage="50% (1/2)" hits="1" missing-branches="56" number="54"/>
						<line hits="0" number="56"/>
						<line hits="0" number="57"/>
						<line hits="1" number="60"/>
						<line hits="1" number="62"/>
						<line hits="1" number="64"/>
					</lines>
				</class>
				<class branch-rate="1" complexity="0" filename="src/ska_sdp_lmc/exceptions.py" line-rate="1" name="exceptions.py">
					<methods/>
					<lines>
						<line hits="1" number="3"/>
						<line hits="1" number="5"/>
						<line hits="1" number="7"/>
						<line hits="1" number="10"/>
						<line hits="1" number="18"/>
						<line hits="1" number="19"/>
						<line hits="1" number="20"/>
						<line hits="1" number="21"/>
						<line hits="1" number="22"/>
						<line hits="1" number="23"/>
						<line hits="1" number="26"/>
						<line hits="1" number="33"/>
						<line hits="1" number="36"/>
						<line hits="1" number="43"/>
					</lines>
				</class>
				<class branch-rate="0.5" complexity="0" filename="src/ska_sdp_lmc/feature_toggle.py" line-rate="0.9231" name="feature_toggle.py">
					<methods/>
					<lines>
						<line hits="1" number="3"/>
						<line hits="1" number="6"/>
						<line hits="1" number="9"/>
						<line hits="1" number="16"/>
						<line hits="1" number="17"/>
						<line hits="1" number="19"/>
						<line hits="1" number="25"/>
						<line hits="1" number="27"/>
						<line hits="1" number="33"/>
						<line branch="true" condition-coverage="50% (1/2)" hits="1" missing-branches="35" number="34"/>
						<line hits="0" number="35"/>
						<line hits="1" number="37"/>
						<line hits="1" number="38"/>
					</lines>
				</class>
				<class branch-rate="0.8571" complexity="0" filename="src/ska_sdp_lmc/master.py" line-rate="0.9625" name="master.py">
					<methods/>
					<lines>
						<line hits="1" number="3"/>
						<line hits="1" number="4"/>
						<line hits="1" number="6"/>
						<line hits="1" number="7"/>
						<line hits="1" number="9"/>
						<line hits="1" number="12"/>
						<line hits="1" number="13"/>
						<line hits="1" number="14"/>
						<line hits="1" number="15"/>
						<line hits="1" number="16"/>
						<line hits="1" number="17"/>
						<line hits="1" number="19"/>
						<line hits="1" number="22"/>
						<line hits="1" number="32"/>
						<line hits="1" number="43"/>
						<line hits="1" number="45"/>
						<line hits="1" number="47"/>
						<line hits="1" number="48"/>
						<line hits="1" number="49"/>
						<line hits="1" number="52"/>
						<line hits="1" number="55"/>
						<line hits="1" number="58"/>
						<line hits="1" number="61"/>
						<line branch="true" condition-coverage="100% (2/2)" hits="1" number="64"/>
						<line hits="1" number="65"/>
						<line hits="1" number="66"/>
						<line hits="1" number="69"/>
						<line hits="1" number="71"/>
						<line hits="1" number="77"/>
						<line hits="1" number="82"/>
						<line hits="1" number="88"/>
						<line hits="1" number="90"/>
						<line hits="1" number="93"/>
						<line hits="1" number="95"/>
						<line hits="1" number="96"/>
						<line branch="true" condition-coverage="100% (2/2)" hits="1" number="103"/>
						<line hits="1" number="104"/>
						<line hits="1" number="105"/>
						<line hits="1" number="106"/>
						<line hits="1" number="108"/>
						<line hits="1" number="110"/>
						<line hits="1" number="113"/>
						<line hits="1" number="115"/>
						<line hits="1" number="116"/>
						<line branch="true" condition-coverage="100% (2/2)" hits="1" number="123"/>
						<line hits="1" number="124"/>
						<line hits="1" number="125"/>
						<line hits="1" number="126"/>
						<line hits="1" number="128"/>
						<line hits="1" number="130"/>
						<line hits="1" number="133"/>
						<line hits="1" number="135"/>
						<line hits="1" number="136"/>
						<line branch="true" condition-coverage="100% (2/2)" hits="1" number="143"/>
						<line hits="1" number="144"/>
						<line hits="1" number="145"/>
						<line hits="1" number="146"/>
						<line hits="1" number="148"/>
						<line hits="1" number="150"/>
						<line hits="1" number="153"/>
						<line hits="1" number="155"/>
						<line hits="1" number="156"/>
						<line branch="true" condition-coverage="100% (2/2)" hits="1" number="163"/>
						<line hits="1" number="164"/>
						<line hits="1" number="165"/>
						<line hits="1" number="166"/>
						<line hits="1" number="172"/>
						<line hits="1" number="181"/>
						<line hits="1" number="182"/>
						<line hits="1" number="183"/>
						<line hits="1" number="189"/>
						<line branch="true" condition-coverage="50% (1/2)" hits="1" missing-branches="exit" number="191"/>
						<line hits="1" number="192"/>
						<line hits="1" number="193"/>
						<line hits="1" number="194"/>
						<line hits="1" number="197"/>
						<line hits="0" number="200"/>
						<line hits="0" number="201"/>
						<line branch="true" condition-coverage="50% (1/2)" hits="1" missing-branches="205" number="204"/>
						<line hits="0" number="205"/>
					</lines>
				</class>
				<class branch-rate="0.75" complexity="0" filename="src/ska_sdp_lmc/master_config.py" line-rate="1" name="master_config.py">
					<methods/>
					<lines>
						<line hits="1" number="3"/>
						<line hits="1" number="5"/>
						<line hits="1" number="7"/>
						<line hits="1" number="10"/>
						<line hits="1" number="15"/>
						<line hits="1" number="24"/>
						<line hits="1" number="27"/>
						<line hits="1" number="37"/>
						<line hits="1" number="38"/>
						<line hits="1" number="40"/>
						<line hits="1" number="47"/>
						<line branch="true" condition-coverage="50% (1/2)" hits="1" missing-branches="exit" number="48"/>
						<line hits="1" number="49"/>
						<line hits="1" number="50"/>
						<line hits="1" number="52"/>
						<line hits="1" number="60"/>
						<line hits="1" number="61"/>
						<line hits="1" number="63"/>
						<line hits="1" number="71"/>
						<line hits="1" number="72"/>
						<line hits="1" number="73"/>
						<line hits="1" number="75"/>
						<line hits="1" number="76"/>
						<line hits="1" number="78"/>
						<line branch="true" condition-coverage="100% (2/2)" hits="1" number="79"/>
						<line hits="1" number="80"/>
						<line hits="1" number="82"/>
						<line hits="1" number="83"/>
						<line hits="1" number="85"/>
						<line hits="1" number="86"/>
						<line hits="1" number="87"/>
						<line hits="1" number="89"/>
						<line hits="1" number="90"/>
						<line hits="1" number="92"/>
						<line hits="1" number="94"/>
						<line hits="1" number="95"/>
						<line hits="1" number="96"/>
					</lines>
				</class>
				<class branch-rate="0.9375" complexity="0" filename="src/ska_sdp_lmc/subarray.py" line-rate="0.9891" name="subarray.py">
					<methods/>
					<lines>
						<line hits="1" number="2"/>
						<line hits="1" number="4"/>
						<line hits="1" number="5"/>
						<line hits="1" number="6"/>
						<line hits="1" number="8"/>
						<line hits="1" number="9"/>
						<line hits="1" number="11"/>
						<line hits="1" number="14"/>
						<line hits="1" number="15"/>
						<line hits="1" number="16"/>
						<line hits="1" number="17"/>
						<line hits="1" number="18"/>
						<line hits="1" number="19"/>
						<line hits="1" number="24"/>
						<line hits="1" number="26"/>
						<line hits="1" number="29"/>
						<line hits="1" number="40"/>
						<line hits="1" number="47"/>
						<line hits="1" number="54"/>
						<line hits="1" number="61"/>
						<line hits="1" number="68"/>
						<line hits="1" number="75"/>
						<line hits="1" number="87"/>
						<line hits="1" number="89"/>
						<line hits="1" number="91"/>
						<line hits="1" number="92"/>
						<line hits="1" number="93"/>
						<line hits="1" number="96"/>
						<line hits="1" number="97"/>
						<line hits="1" number="98"/>
						<line hits="1" number="99"/>
						<line hits="1" number="100"/>
						<line hits="1" number="101"/>
						<line hits="1" number="104"/>
						<line hits="1" number="105"/>
						<line hits="1" number="106"/>
						<line hits="1" number="107"/>
						<line hits="1" number="108"/>
						<line hits="1" number="109"/>
						<line hits="1" number="112"/>
						<line hits="1" number="113"/>
						<line hits="1" number="116"/>
						<line branch="true" condition-coverage="100% (2/2)" hits="1" number="119"/>
						<line hits="1" number="120"/>
						<line hits="1" number="121"/>
						<line hits="1" number="124"/>
						<line hits="1" number="126"/>
						<line hits="1" number="132"/>
						<line hits="1" number="138"/>
						<line hits="1" number="140"/>
						<line hits="1" number="146"/>
						<line hits="1" number="148"/>
						<line hits="1" number="154"/>
						<line hits="1" number="156"/>
						<line hits="1" number="162"/>
						<line hits="1" number="164"/>
						<line hits="0" number="170"/>
						<line hits="1" number="172"/>
						<line hits="0" number="178"/>
						<line hits="1" number="180"/>
						<line hits="0" number="186"/>
						<line hits="1" number="192"/>
						<line hits="1" number="194"/>
						<line hits="1" number="195"/>
						<line hits="1" number="196"/>
						<line hits="1" number="197"/>
						<line hits="1" number="199"/>
						<line hits="1" number="200"/>
						<line branch="true" condition-coverage="100% (2/2)" hits="1" number="207"/>
						<line hits="1" number="208"/>
						<line hits="1" number="209"/>
						<line hits="1" number="210"/>
						<line hits="1" number="211"/>
						<line hits="1" number="212"/>
						<line hits="1" number="214"/>
						<line hits="1" number="216"/>
						<line hits="1" number="217"/>
						<line hits="1" number="218"/>
						<line hits="1" number="220"/>
						<line hits="1" number="221"/>
						<line hits="1" number="228"/>
						<line branch="true" condition-coverage="100% (2/2)" hits="1" number="229"/>
						<line branch="true" condition-coverage="100% (2/2)" hits="1" number="231"/>
						<line hits="1" number="232"/>
						<line hits="1" number="233"/>
						<line hits="1" number="234"/>
						<line hits="1" number="235"/>
						<line hits="1" number="238"/>
						<line hits="1" number="239"/>
						<line branch="true" condition-coverage="100% (2/2)" hits="1" number="240"/>
						<line hits="1" number="241"/>
						<line hits="1" number="242"/>
						<line hits="1" number="243"/>
						<line hits="1" number="244"/>
						<line hits="1" number="245"/>
						<line hits="1" number="246"/>
						<line hits="1" number="248"/>
						<line hits="1" number="250"/>
						<line hits="1" number="251"/>
						<line hits="1" number="252"/>
						<line hits="1" number="253"/>
						<line hits="1" number="255"/>
						<line hits="1" number="256"/>
						<line hits="1" number="268"/>
						<line branch="true" condition-coverage="100% (2/2)" hits="1" number="270"/>
						<line hits="1" number="271"/>
						<line hits="1" number="272"/>
						<line hits="1" number="273"/>
						<line hits="1" number="274"/>
						<line hits="1" number="275"/>
						<line hits="1" number="277"/>
						<line hits="1" number="279"/>
						<line hits="1" number="280"/>
						<line hits="1" number="281"/>
						<line hits="1" number="282"/>
						<line hits="1" number="284"/>
						<line hits="1" number="285"/>
						<line branch="true" condition-coverage="100% (2/2)" hits="1" number="295"/>
						<line hits="1" number="296"/>
						<line hits="1" number="297"/>
						<line hits="1" number="298"/>
						<line hits="1" number="299"/>
						<line hits="1" number="300"/>
						<line hits="1" number="302"/>
						<line hits="1" number="304"/>
						<line hits="1" number="305"/>
						<line hits="1" number="306"/>
						<line hits="1" number="307"/>
						<line hits="1" number="309"/>
						<line hits="1" number="310"/>
						<line hits="1" number="319"/>
						<line branch="true" condition-coverage="100% (2/2)" hits="1" number="321"/>
						<line hits="1" number="322"/>
						<line hits="1" number="323"/>
						<line hits="1" number="324"/>
						<line hits="1" number="325"/>
						<line hits="1" number="326"/>
						<line hits="1" number="327"/>
						<line hits="1" number="329"/>
						<line hits="1" number="331"/>
						<line hits="1" number="332"/>
						<line hits="1" number="333"/>
						<line hits="1" number="334"/>
						<line hits="1" number="336"/>
						<line hits="1" number="337"/>
						<line hits="1" number="346"/>
						<line branch="true" condition-coverage="100% (2/2)" hits="1" number="348"/>
						<line hits="1" number="349"/>
						<line hits="1" number="350"/>
						<line hits="1" number="351"/>
						<line hits="1" number="352"/>
						<line hits="1" number="353"/>
						<line hits="1" number="355"/>
						<line hits="1" number="357"/>
						<line hits="1" number="358"/>
						<line hits="1" number="359"/>
						<line hits="1" number="360"/>
						<line hits="1" number="362"/>
						<line hits="1" number="363"/>
						<line branch="true" condition-coverage="100% (2/2)" hits="1" number="370"/>
						<line hits="1" number="371"/>
						<line hits="1" number="372"/>
						<line hits="1" number="373"/>
						<line hits="1" number="374"/>
						<line hits="1" number="375"/>
						<line hits="1" number="377"/>
						<line hits="1" number="379"/>
						<line hits="1" number="380"/>
						<line hits="1" number="381"/>
						<line hits="1" number="382"/>
						<line hits="1" number="384"/>
						<line hits="1" number="385"/>
						<line branch="true" condition-coverage="100% (2/2)" hits="1" number="392"/>
						<line hits="1" number="393"/>
						<line hits="1" number="394"/>
						<line hits="1" number="395"/>
						<line hits="1" number="396"/>
						<line hits="1" number="397"/>
						<line hits="1" number="399"/>
						<line hits="1" number="401"/>
						<line hits="1" number="402"/>
						<line hits="1" number="403"/>
						<line hits="1" number="413"/>
						<line hits="1" number="415"/>
						<line hits="1" number="416"/>
						<line branch="true" condition-coverage="100% (2/2)" hits="1" number="423"/>
						<line hits="1" number="424"/>
						<line hits="1" number="425"/>
						<line hits="1" number="426"/>
						<line hits="1" number="427"/>
						<line hits="1" number="429"/>
						<line hits="1" number="431"/>
						<line hits="1" number="432"/>
						<line hits="1" number="433"/>
						<line hits="1" number="436"/>
						<line hits="1" number="438"/>
						<line hits="1" number="439"/>
						<line branch="true" condition-coverage="100% (2/2)" hits="1" number="446"/>
						<line hits="1" number="447"/>
						<line hits="1" number="448"/>
						<line hits="1" number="449"/>
						<line hits="1" number="450"/>
						<line hits="1" number="451"/>
						<line hits="1" number="452"/>
						<line hits="1" number="454"/>
						<line hits="1" number="456"/>
						<line hits="1" number="457"/>
						<line hits="1" number="458"/>
						<line hits="1" number="461"/>
						<line hits="1" number="463"/>
						<line hits="1" number="464"/>
						<line branch="true" condition-coverage="100% (2/2)" hits="1" number="471"/>
						<line hits="1" number="472"/>
						<line hits="1" number="473"/>
						<line hits="1" number="474"/>
						<line hits="1" number="475"/>
						<line hits="1" number="476"/>
						<line hits="1" number="482"/>
						<line hits="1" number="490"/>
						<line hits="1" number="496"/>
						<line branch="true" condition-coverage="100% (2/2)" hits="1" number="498"/>
						<line hits="1" number="499"/>
						<line hits="1" number="500"/>
						<line hits="1" number="501"/>
						<line hits="1" number="503"/>
						<line branch="true" condition-coverage="50% (1/2)" hits="1" missing-branches="exit" number="505"/>
						<line hits="1" number="506"/>
						<line hits="1" number="507"/>
						<line hits="1" number="508"/>
						<line hits="1" number="510"/>
						<line branch="true" condition-coverage="50% (1/2)" hits="1" missing-branches="exit" number="512"/>
						<line hits="1" number="513"/>
						<line hits="1" number="514"/>
						<line hits="1" number="515"/>
						<line hits="1" number="517"/>
						<line branch="true" condition-coverage="100% (2/2)" hits="1" number="519"/>
						<line branch="true" condition-coverage="100% (2/2)" hits="1" number="520"/>
						<line hits="1" number="521"/>
						<line hits="1" number="523"/>
						<line hits="1" number="524"/>
						<line hits="1" number="525"/>
						<line hits="1" number="529"/>
						<line branch="true" condition-coverage="100% (2/2)" hits="1" number="531"/>
						<line hits="1" number="532"/>
						<line hits="1" number="533"/>
						<line hits="1" number="534"/>
						<line hits="1" number="536"/>
						<line branch="true" condition-coverage="100% (2/2)" hits="1" number="538"/>
						<line hits="1" number="539"/>
						<line hits="1" number="540"/>
						<line hits="1" number="541"/>
						<line hits="1" number="547"/>
						<line hits="1" number="556"/>
						<line hits="1" number="558"/>
						<line hits="1" number="559"/>
						<line hits="1" number="560"/>
						<line hits="1" number="561"/>
						<line hits="1" number="562"/>
						<line branch="true" condition-coverage="100% (2/2)" hits="1" number="564"/>
						<line branch="true" condition-coverage="100% (2/2)" hits="1" number="568"/>
						<line hits="1" number="569"/>
						<line hits="1" number="571"/>
						<line hits="1" number="573"/>
						<line hits="1" number="574"/>
						<line hits="1" number="580"/>
						<line hits="1" number="590"/>
						<line hits="1" number="591"/>
						<line hits="1" number="592"/>
						<line hits="1" number="593"/>
						<line hits="1" number="596"/>
						<line hits="1" number="599"/>
						<line hits="1" number="600"/>
						<line branch="true" condition-coverage="50% (1/2)" hits="1" missing-branches="604" number="603"/>
						<line hits="1" number="604"/>
					</lines>
				</class>
				<class branch-rate="1" complexity="0" filename="src/ska_sdp_lmc/subarray_config.py" line-rate="1" name="subarray_config.py">
					<methods/>
					<lines>
						<line hits="1" number="3"/>
						<line hits="1" number="5"/>
						<line hits="1" number="7"/>
						<line hits="1" number="8"/>
						<line hits="1" number="9"/>
						<line hits="1" number="12"/>
						<line hits="1" number="17"/>
						<line hits="1" number="18"/>
						<line hits="1" number="19"/>
						<line hits="1" number="21"/>
						<line hits="1" number="29"/>
						<line hits="1" number="32"/>
						<line hits="1" number="45"/>
						<line hits="1" number="46"/>
						<line hits="1" number="47"/>
						<line hits="1" number="49"/>
						<line hits="1" number="57"/>
						<line branch="true" condition-coverage="100% (2/2)" hits="1" number="58"/>
						<line hits="1" number="59"/>
						<line hits="1" number="66"/>
						<line hits="1" number="68"/>
						<line hits="1" number="76"/>
						<line hits="1" number="77"/>
						<line hits="1" number="79"/>
						<line hits="1" number="87"/>
						<line hits="1" number="88"/>
						<line hits="1" number="89"/>
						<line hits="1" number="91"/>
						<line hits="1" number="101"/>
						<line branch="true" condition-coverage="100% (2/2)" hits="1" number="102"/>
						<line hits="1" number="103"/>
						<line hits="1" number="104"/>
						<line hits="1" number="106"/>
						<line hits="1" number="107"/>
						<line hits="1" number="109"/>
						<line hits="1" number="119"/>
						<line branch="true" condition-coverage="100% (2/2)" hits="1" number="120"/>
						<line hits="1" number="121"/>
						<line hits="1" number="122"/>
						<line hits="1" number="123"/>
						<line hits="1" number="125"/>
						<line hits="1" number="126"/>
						<line hits="1" number="128"/>
						<line hits="1" number="130"/>
						<line hits="1" number="131"/>
						<line hits="1" number="132"/>
						<line hits="1" number="134"/>
						<line hits="1" number="135"/>
						<line hits="1" number="137"/>
						<line hits="1" number="139"/>
						<line hits="1" number="140"/>
						<line hits="1" number="141"/>
						<line hits="1" number="143"/>
						<line hits="1" number="144"/>
						<line hits="1" number="146"/>
						<line branch="true" condition-coverage="100% (2/2)" hits="1" number="147"/>
						<line hits="1" number="148"/>
						<line hits="1" number="150"/>
						<line hits="1" number="151"/>
						<line hits="1" number="153"/>
						<line hits="1" number="154"/>
						<line hits="1" number="155"/>
						<line hits="1" number="157"/>
						<line hits="1" number="158"/>
						<line hits="1" number="160"/>
						<line branch="true" condition-coverage="100% (2/2)" hits="1" number="161"/>
						<line hits="1" number="162"/>
						<line hits="1" number="164"/>
						<line hits="1" number="165"/>
						<line hits="1" number="167"/>
						<line hits="1" number="168"/>
						<line hits="1" number="169"/>
						<line hits="1" number="171"/>
						<line hits="1" number="172"/>
						<line hits="1" number="174"/>
						<line hits="1" number="176"/>
						<line hits="1" number="177"/>
						<line branch="true" condition-coverage="100% (2/2)" hits="1" number="178"/>
						<line hits="1" number="181"/>
						<line branch="true" condition-coverage="100% (2/2)" hits="1" number="182"/>
						<line branch="true" condition-coverage="100% (2/2)" hits="1" number="183"/>
						<line hits="1" number="184"/>
						<line hits="1" number="185"/>
						<line hits="1" number="186"/>
						<line hits="1" number="188"/>
						<line hits="1" number="189"/>
						<line hits="1" number="191"/>
						<line hits="1" number="193"/>
						<line hits="1" number="194"/>
						<line hits="1" number="195"/>
						<line hits="1" number="197"/>
						<line hits="1" number="198"/>
						<line hits="1" number="200"/>
						<line branch="true" condition-coverage="100% (2/2)" hits="1" number="201"/>
						<line hits="1" number="202"/>
						<line branch="true" condition-coverage="100% (2/2)" hits="1" number="203"/>
						<line hits="1" number="204"/>
						<line hits="1" number="205"/>
						<line hits="1" number="207"/>
						<line hits="1" number="217"/>
						<line hits="1" number="219"/>
						<line hits="1" number="221"/>
						<line branch="true" condition-coverage="100% (2/2)" hits="1" number="222"/>
						<line hits="1" number="223"/>
						<line hits="1" number="224"/>
						<line hits="1" number="226"/>
						<line hits="1" number="228"/>
						<line branch="true" condition-coverage="100% (2/2)" hits="1" number="230"/>
						<line hits="1" number="231"/>
						<line branch="true" condition-coverage="100% (2/2)" hits="1" number="232"/>
						<line hits="1" number="233"/>
						<line hits="1" number="234"/>
						<line hits="1" number="236"/>
						<line hits="1" number="238"/>
						<line branch="true" condition-coverage="100% (2/2)" hits="1" number="245"/>
						<line hits="1" number="246"/>
						<line hits="1" number="247"/>
						<line branch="true" condition-coverage="100% (2/2)" hits="1" number="250"/>
						<line branch="true" condition-coverage="100% (2/2)" hits="1" number="251"/>
						<line hits="1" number="252"/>
						<line branch="true" condition-coverage="100% (2/2)" hits="1" number="253"/>
						<line hits="1" number="254"/>
						<line hits="1" number="255"/>
						<line hits="1" number="257"/>
						<line hits="1" number="258"/>
						<line hits="1" number="259"/>
						<line hits="1" number="261"/>
						<line hits="1" number="268"/>
						<line hits="1" number="270"/>
						<line hits="1" number="277"/>
						<line hits="1" number="279"/>
						<line hits="1" number="293"/>
						<line hits="1" number="294"/>
						<line hits="1" number="295"/>
						<line hits="1" number="296"/>
						<line hits="1" number="298"/>
					</lines>
				</class>
				<class branch-rate="0.875" complexity="0" filename="src/ska_sdp_lmc/subarray_validation.py" line-rate="1" name="subarray_validation.py">
					<methods/>
					<lines>
						<line hits="1" number="3"/>
						<line hits="1" number="4"/>
						<line hits="1" number="5"/>
						<line hits="1" number="7"/>
						<line hits="1" number="8"/>
						<line hits="1" number="10"/>
						<line hits="1" number="11"/>
						<line hits="1" number="16"/>
						<line hits="1" number="18"/>
						<line hits="1" number="19"/>
						<line hits="1" number="20"/>
						<line hits="1" number="23"/>
						<line hits="1" number="31"/>
						<line hits="1" number="32"/>
						<line branch="true" condition-coverage="100% (2/2)" hits="1" number="35"/>
						<line hits="1" number="37"/>
						<line hits="1" number="38"/>
						<line branch="true" condition-coverage="100% (2/2)" hits="1" number="39"/>
						<line hits="1" number="40"/>
						<line branch="true" condition-coverage="100% (2/2)" hits="1" number="42"/>
						<line hits="1" number="43"/>
						<line hits="1" number="44"/>
						<line hits="1" number="45"/>
						<line hits="1" number="46"/>
						<line hits="1" number="47"/>
						<line branch="true" condition-coverage="100% (2/2)" hits="1" number="49"/>
						<line branch="true" condition-coverage="50% (1/2)" hits="1" missing-branches="42" number="50"/>
						<line hits="1" number="51"/>
						<line branch="true" condition-coverage="100% (2/2)" hits="1" number="53"/>
						<line hits="1" number="54"/>
						<line hits="1" number="57"/>
						<line hits="1" number="58"/>
						<line branch="true" condition-coverage="100% (2/2)" hits="1" number="60"/>
						<line hits="1" number="62"/>
						<line hits="1" number="65"/>
						<line hits="1" number="67"/>
						<line hits="1" number="70"/>
						<line hits="1" number="79"/>
						<line hits="1" number="81"/>
						<line hits="1" number="94"/>
						<line branch="true" condition-coverage="100% (2/2)" hits="1" number="96"/>
						<line hits="1" number="98"/>
						<line hits="1" number="99"/>
						<line hits="1" number="103"/>
						<line hits="1" number="106"/>
						<line hits="1" number="107"/>
						<line hits="1" number="109"/>
						<line branch="true" condition-coverage="100% (2/2)" hits="1" number="110"/>
						<line hits="1" number="111"/>
						<line branch="true" condition-coverage="50% (1/2)" hits="1" missing-branches="115" number="112"/>
						<line hits="1" number="113"/>
						<line hits="1" number="115"/>
						<line hits="1" number="117"/>
						<line hits="1" number="119"/>
						<line branch="true" condition-coverage="100% (2/2)" hits="1" number="120"/>
						<line branch="true" condition-coverage="100% (2/2)" hits="1" number="121"/>
						<line hits="1" number="122"/>
						<line branch="true" condition-coverage="100% (2/2)" hits="1" number="126"/>
						<line hits="1" number="127"/>
						<line hits="1" number="130"/>
						<line hits="1" number="140"/>
						<line hits="1" number="143"/>
						<line hits="1" number="152"/>
						<line hits="1" number="153"/>
						<line branch="true" condition-coverage="50% (1/2)" hits="1" missing-branches="163" number="156"/>
						<line hits="1" number="157"/>
						<line branch="true" condition-coverage="100% (2/2)" hits="1" number="158"/>
						<line branch="true" condition-coverage="100% (2/2)" hits="1" number="159"/>
						<line hits="1" number="160"/>
						<line hits="1" number="161"/>
						<line hits="1" number="163"/>
						<line branch="true" condition-coverage="100% (2/2)" hits="1" number="165"/>
						<line hits="1" number="167"/>
						<line hits="1" number="169"/>
						<line hits="1" number="170"/>
						<line hits="1" number="172"/>
						<line hits="1" number="175"/>
						<line hits="1" number="183"/>
						<line hits="1" number="184"/>
						<line branch="true" condition-coverage="100% (2/2)" hits="1" number="187"/>
						<line hits="1" number="188"/>
						<line hits="1" number="189"/>
						<line hits="1" number="191"/>
						<line branch="true" condition-coverage="100% (2/2)" hits="1" number="193"/>
						<line hits="1" number="195"/>
						<line hits="1" number="197"/>
						<line hits="1" number="199"/>
						<line hits="1" number="202"/>
						<line hits="1" number="215"/>
						<line branch="true" condition-coverage="50% (1/2)" hits="1" missing-branches="225" number="216"/>
						<line branch="true" condition-coverage="100% (2/2)" hits="1" number="217"/>
						<line hits="1" number="218"/>
						<line hits="1" number="219"/>
						<line hits="1" number="220"/>
						<line hits="1" number="222"/>
						<line hits="1" number="223"/>
						<line hits="1" number="225"/>
						<line hits="1" number="228"/>
						<line hits="1" number="231"/>
						<line hits="1" number="232"/>
						<line hits="1" number="233"/>
						<line branch="true" condition-coverage="100% (2/2)" hits="1" number="234"/>
						<line hits="1" number="235"/>
						<line hits="1" number="236"/>
						<line branch="true" condition-coverage="50% (1/2)" hits="1" missing-branches="240" number="237"/>
						<line hits="1" number="238"/>
						<line hits="1" number="239"/>
						<line hits="1" number="240"/>
						<line hits="1" number="241"/>
						<line hits="1" number="242"/>
						<line branch="true" condition-coverage="50% (1/2)" hits="1" missing-branches="247" number="244"/>
						<line hits="1" number="245"/>
						<line hits="1" number="247"/>
					</lines>
				</class>
				<class branch-rate="1" complexity="0" filename="src/ska_sdp_lmc/tango_logging.py" line-rate="1" name="tango_logging.py">
					<methods/>
					<lines>
						<line hits="1" number="3"/>
						<line hits="1" number="4"/>
						<line hits="1" number="5"/>
						<line hits="1" number="6"/>
						<line hits="1" number="7"/>
						<line hits="1" number="8"/>
						<line hits="1" number="9"/>
						<line hits="1" number="10"/>
						<line hits="1" number="12"/>
						<line hits="1" number="13"/>
						<line hits="1" number="14"/>
						<line hits="1" number="15"/>
						<line hits="1" number="17"/>
						<line branch="true" condition-coverage="100% (2/2)" hits="1" number="25"/>
						<line hits="1" number="28"/>
						<line hits="1" number="34"/>
						<line hits="1" number="41"/>
						<line hits="1" number="47"/>
						<line hits="1" number="54"/>
						<line hits="1" number="63"/>
						<line hits="1" number="65"/>
						<line hits="1" number="67"/>
						<line branch="true" condition-coverage="100% (2/2)" hits="1" number="73"/>
						<line hits="1" number="75"/>
						<line hits="1" number="78"/>
						<line hits="1" number="79"/>
						<line hits="1" number="82"/>
						<line hits="1" number="91"/>
						<line hits="1" number="93"/>
						<line hits="1" number="94"/>
						<line hits="1" number="96"/>
						<line hits="1" number="103"/>
						<line hits="1" number="104"/>
						<line branch="true" condition-coverage="100% (2/2)" hits="1" number="105"/>
						<line hits="1" number="106"/>
						<line hits="1" number="107"/>
						<line hits="1" number="109"/>
						<line branch="true" condition-coverage="100% (2/2)" hits="1" number="111"/>
						<line hits="1" number="112"/>
						<line branch="true" condition-coverage="100% (2/2)" hits="1" number="117"/>
						<line hits="1" number="118"/>
						<line branch="true" condition-coverage="100% (2/2)" hits="1" number="121"/>
						<line hits="1" number="122"/>
						<line hits="1" number="123"/>
						<line hits="1" number="124"/>
						<line hits="1" number="125"/>
						<line hits="1" number="126"/>
						<line hits="1" number="129"/>
						<line hits="1" number="135"/>
						<line hits="1" number="138"/>
						<line hits="1" number="144"/>
						<line hits="1" number="147"/>
						<line hits="1" number="155"/>
						<line hits="1" number="156"/>
						<line hits="1" number="157"/>
						<line hits="1" number="160"/>
						<line hits="1" number="167"/>
						<line hits="1" number="170"/>
						<line hits="1" number="186"/>
						<line branch="true" condition-coverage="100% (2/2)" hits="1" number="187"/>
						<line hits="1" number="188"/>
						<line hits="1" number="191"/>
						<line hits="1" number="192"/>
						<line hits="1" number="193"/>
						<line hits="1" number="194"/>
						<line hits="1" number="195"/>
						<line hits="1" number="196"/>
						<line hits="1" number="200"/>
						<line hits="1" number="201"/>
						<line branch="true" condition-coverage="100% (2/2)" hits="1" number="202"/>
						<line hits="1" number="203"/>
						<line branch="true" condition-coverage="100% (2/2)" hits="1" number="205"/>
						<line hits="1" number="206"/>
						<line branch="true" condition-coverage="100% (2/2)" hits="1" number="209"/>
						<line hits="1" number="210"/>
						<line hits="1" number="211"/>
						<line hits="1" number="213"/>
						<line hits="1" number="214"/>
						<line hits="1" number="216"/>
						<line branch="true" condition-coverage="100% (2/2)" hits="1" number="217"/>
						<line hits="1" number="218"/>
						<line hits="1" number="219"/>
						<line hits="1" number="220"/>
						<line hits="1" number="222"/>
						<line hits="1" number="225"/>
						<line hits="1" number="231"/>
						<line branch="true" condition-coverage="100% (2/2)" hits="1" number="232"/>
						<line hits="1" number="233"/>
						<line hits="1" number="234"/>
					</lines>
				</class>
				<class branch-rate="0.3571" complexity="0" filename="src/ska_sdp_lmc/util.py" line-rate="0.6875" name="util.py">
					<methods/>
					<lines>
						<line hits="1" number="2"/>
						<line hits="1" number="3"/>
						<line hits="1" number="4"/>
						<line hits="1" number="5"/>
						<line hits="1" number="6"/>
						<line hits="1" number="7"/>
						<line hits="1" number="9"/>
						<line hits="1" number="15"/>
						<line branch="true" condition-coverage="50% (1/2)" hits="1" missing-branches="exit" number="19"/>
						<line hits="1" number="20"/>
						<line hits="1" number="21"/>
						<line hits="1" number="23"/>
						<line branch="true" condition-coverage="50% (1/2)" hits="1" missing-branches="25" number="24"/>
						<line hits="0" number="25"/>
						<line hits="0" number="26"/>
						<line branch="true" condition-coverage="0% (0/2)" hits="0" missing-branches="28,32" number="27"/>
						<line branch="true" condition-coverage="0% (0/2)" hits="0" missing-branches="29,30" number="28"/>
						<line hits="0" number="29"/>
						<line branch="true" condition-coverage="0% (0/2)" hits="0" missing-branches="27,31" number="30"/>
						<line hits="0" number="31"/>
						<line hits="0" number="32"/>
						<line hits="0" number="33"/>
						<line hits="0" number="34"/>
						<line hits="1" number="35"/>
						<line branch="true" condition-coverage="50% (1/2)" hits="1" missing-branches="exit" number="38"/>
						<line hits="1" number="46"/>
						<line hits="1" number="49"/>
						<line hits="1" number="52"/>
						<line hits="1" number="62"/>
						<line branch="true" condition-coverage="100% (2/2)" hits="1" number="63"/>
						<line hits="1" number="64"/>
						<line hits="1" number="65"/>
					</lines>
				</class>
			</classes>
		</package>
	</packages>
</coverage>
